\BOOKMARK [1][-]{section.1}{Abstract}{}% 1
\BOOKMARK [1][-]{section.2}{Introduction}{}% 2
\BOOKMARK [1][-]{section.3}{Original Requirements Document}{}% 3
\BOOKMARK [2][-]{subsection.3.1}{Requirements Document}{section.3}% 4
\BOOKMARK [3][-]{subsubsection.3.1.1}{Introduction}{subsection.3.1}% 5
\BOOKMARK [3][-]{subsubsection.3.1.2}{Bibliography}{subsection.3.1}% 6
\BOOKMARK [3][-]{subsubsection.3.1.3}{Overall Description}{subsection.3.1}% 7
\BOOKMARK [3][-]{subsubsection.3.1.4}{Specific Requirements}{subsection.3.1}% 8
\BOOKMARK [3][-]{subsubsection.3.1.5}{Additional ``Stretch'' Goals}{subsection.3.1}% 9
\BOOKMARK [3][-]{subsubsection.3.1.6}{A \205 An Explanation of Prerequisites Apparent in the Preliminary Gantt Chart}{subsection.3.1}% 10
\BOOKMARK [1][-]{section.4}{Final Requirements Document}{}% 11
\BOOKMARK [2][-]{subsection.4.1}{Requirements Document Changes}{section.4}% 12
\BOOKMARK [2][-]{subsection.4.2}{Final Gantt Chart}{section.4}% 13
\BOOKMARK [1][-]{section.5}{Design Document}{}% 14
\BOOKMARK [2][-]{subsection.5.1}{Introduction}{section.5}% 15
\BOOKMARK [3][-]{subsubsection.5.1.1}{Identification Information}{subsection.5.1}% 16
\BOOKMARK [3][-]{subsubsection.5.1.2}{Change History}{subsection.5.1}% 17
\BOOKMARK [3][-]{subsubsection.5.1.3}{Purpose}{subsection.5.1}% 18
\BOOKMARK [3][-]{subsubsection.5.1.4}{Scope}{subsection.5.1}% 19
\BOOKMARK [3][-]{subsubsection.5.1.5}{Overview}{subsection.5.1}% 20
\BOOKMARK [2][-]{subsection.5.2}{User-oriented Views}{section.5}% 21
\BOOKMARK [3][-]{subsubsection.5.2.1}{Use Cases}{subsection.5.2}% 22
\BOOKMARK [3][-]{subsubsection.5.2.2}{Visualize Data}{subsection.5.2}% 23
\BOOKMARK [3][-]{subsubsection.5.2.3}{Load Data}{subsection.5.2}% 24
\BOOKMARK [3][-]{subsubsection.5.2.4}{Group Data}{subsection.5.2}% 25
\BOOKMARK [3][-]{subsubsection.5.2.5}{UI Mockup}{subsection.5.2}% 26
\BOOKMARK [3][-]{figure.5}{Load Menu}{subsection.5.2}% 27
\BOOKMARK [3][-]{figure.6}{Thumbnail View}{subsection.5.2}% 28
\BOOKMARK [3][-]{figure.7}{Analysis View}{subsection.5.2}% 29
\BOOKMARK [2][-]{subsection.5.3}{Developer-oriented Views}{section.5}% 30
\BOOKMARK [3][-]{figure.8}{General Structure}{subsection.5.3}% 31
\BOOKMARK [3][-]{subsubsection.5.3.2}{Local Frontend}{subsection.5.3}% 32
\BOOKMARK [3][-]{subsubsection.5.3.3}{File Loader}{subsection.5.3}% 33
\BOOKMARK [3][-]{subsubsection.5.3.4}{Data-Model Parameter Mapping}{subsection.5.3}% 34
\BOOKMARK [3][-]{subsubsection.5.3.5}{Model Generator Translator}{subsection.5.3}% 35
\BOOKMARK [3][-]{subsubsection.5.3.6}{Model Loader}{subsection.5.3}% 36
\BOOKMARK [3][-]{subsubsection.5.3.7}{Inter-component Communications}{subsection.5.3}% 37
\BOOKMARK [3][-]{subsubsection.5.3.8}{The General Case}{subsection.5.3}% 38
\BOOKMARK [3][-]{subsubsection.5.3.9}{Model Generator Translator and Model Generator}{subsection.5.3}% 39
\BOOKMARK [3][-]{subsubsection.5.3.10}{Model Generator and Model Loader}{subsection.5.3}% 40
\BOOKMARK [2][-]{subsection.5.4}{Appendices}{section.5}% 41
\BOOKMARK [3][-]{subsubsection.5.4.1}{Glossary}{subsection.5.4}% 42
\BOOKMARK [2][-]{subsection.5.5}{Citations}{section.5}% 43
\BOOKMARK [3][-]{subsubsection.5.5.1}{Changes}{subsection.5.5}% 44
\BOOKMARK [1][-]{section.6}{Tech Review}{}% 45
\BOOKMARK [2][-]{subsection.6.1}{Model Generation}{section.6}% 46
\BOOKMARK [3][-]{subsubsection.6.1.1}{MakeHuman}{subsection.6.1}% 47
\BOOKMARK [3][-]{subsubsection.6.1.2}{Fuse Character Creator}{subsection.6.1}% 48
\BOOKMARK [3][-]{subsubsection.6.1.3}{Python Scripts for Blender}{subsection.6.1}% 49
\BOOKMARK [3][-]{subsubsection.6.1.4}{Conclusion}{subsection.6.1}% 50
\BOOKMARK [2][-]{subsection.6.2}{Data Formats}{section.6}% 51
\BOOKMARK [3][-]{subsubsection.6.2.1}{BIOM}{subsection.6.2}% 52
\BOOKMARK [3][-]{subsubsection.6.2.2}{Classic QIIME OTU}{subsection.6.2}% 53
\BOOKMARK [3][-]{subsubsection.6.2.3}{MEGAN CSV}{subsection.6.2}% 54
\BOOKMARK [3][-]{subsubsection.6.2.4}{Conclusion}{subsection.6.2}% 55
\BOOKMARK [2][-]{subsection.6.3}{Language}{section.6}% 56
\BOOKMARK [3][-]{subsubsection.6.3.1}{Java}{subsection.6.3}% 57
\BOOKMARK [3][-]{subsubsection.6.3.2}{Visual C\043}{subsection.6.3}% 58
\BOOKMARK [3][-]{subsubsection.6.3.3}{Python}{subsection.6.3}% 59
\BOOKMARK [3][-]{subsubsection.6.3.4}{Conclusion}{subsection.6.3}% 60
\BOOKMARK [2][-]{subsection.6.4}{UI Library}{section.6}% 61
\BOOKMARK [3][-]{subsubsection.6.4.1}{Tk}{subsection.6.4}% 62
\BOOKMARK [3][-]{subsubsection.6.4.2}{Qt}{subsection.6.4}% 63
\BOOKMARK [3][-]{subsubsection.6.4.3}{SDL}{subsection.6.4}% 64
\BOOKMARK [3][-]{subsubsection.6.4.4}{Conclusion}{subsection.6.4}% 65
\BOOKMARK [2][-]{subsection.6.5}{Model Format}{section.6}% 66
\BOOKMARK [3][-]{subsubsection.6.5.1}{.obj}{subsection.6.5}% 67
\BOOKMARK [3][-]{subsubsection.6.5.2}{Renderman}{subsection.6.5}% 68
\BOOKMARK [3][-]{subsubsection.6.5.3}{Pov-Ray}{subsection.6.5}% 69
\BOOKMARK [3][-]{subsubsection.6.5.4}{Conclusion}{subsection.6.5}% 70
\BOOKMARK [1][-]{section.7}{Blog Posts}{}% 71
\BOOKMARK [2][-]{subsection.7.1}{Week 1: 10/11 - 10/17}{section.7}% 72
\BOOKMARK [2][-]{subsection.7.2}{Week 2: 10/19 - 10/23}{section.7}% 73
\BOOKMARK [2][-]{subsection.7.3}{Week 3: 10/26 - 10/31}{section.7}% 74
\BOOKMARK [2][-]{subsection.7.4}{Week 4: 11/2 - 11/6}{section.7}% 75
\BOOKMARK [2][-]{subsection.7.5}{Week 5: 11/9 - 11/13}{section.7}% 76
\BOOKMARK [2][-]{subsection.7.6}{Week 6: 11/16 - 11/20}{section.7}% 77
\BOOKMARK [2][-]{subsection.7.7}{Week 7: 11/23 - 11/ 27}{section.7}% 78
\BOOKMARK [2][-]{subsection.7.8}{Week 8: 11/30 - 12/4}{section.7}% 79
\BOOKMARK [2][-]{subsection.7.9}{Week 1: 1/3 - 1/9}{section.7}% 80
\BOOKMARK [2][-]{subsection.7.10}{Week 2: 1/10 - 1/16}{section.7}% 81
\BOOKMARK [2][-]{subsection.7.11}{Week 3: 1/18 - 1/22}{section.7}% 82
\BOOKMARK [2][-]{subsection.7.12}{Week 6: 2/7 - 2/13}{section.7}% 83
\BOOKMARK [2][-]{subsection.7.13}{Week 7 2/14 - 2/20}{section.7}% 84
\BOOKMARK [2][-]{subsection.7.14}{Week 8 2/21 - 2/27}{section.7}% 85
\BOOKMARK [2][-]{subsection.7.15}{Week 9 2/28 - 3/5}{section.7}% 86
\BOOKMARK [2][-]{subsection.7.16}{3/6 - 3/12 Week 10}{section.7}% 87
\BOOKMARK [2][-]{subsection.7.17}{3/28 - 4/1 Week 1}{section.7}% 88
\BOOKMARK [2][-]{subsection.7.18}{4/3 - 4/9}{section.7}% 89
\BOOKMARK [2][-]{subsection.7.19}{4/10 - 4/16}{section.7}% 90
\BOOKMARK [2][-]{subsection.7.20}{4/17 - 4/23}{section.7}% 91
\BOOKMARK [2][-]{subsection.7.21}{5/1 - 5/7}{section.7}% 92
\BOOKMARK [2][-]{subsection.7.22}{5/8 - 5/14}{section.7}% 93
\BOOKMARK [1][-]{section.8}{Poster}{}% 94
\BOOKMARK [1][-]{section.9}{Project Documentation}{}% 95
\BOOKMARK [2][-]{subsection.9.1}{How does the project work?}{section.9}% 96
\BOOKMARK [3][-]{subsubsection.9.1.1}{Structure}{subsection.9.1}% 97
\BOOKMARK [3][-]{subsubsection.9.1.2}{Theory of Operation}{subsection.9.1}% 98
\BOOKMARK [2][-]{subsection.9.2}{Installation Instructions}{section.9}% 99
\BOOKMARK [2][-]{subsection.9.3}{How to Run}{section.9}% 100
\BOOKMARK [2][-]{subsection.9.4}{Additional Requirements}{section.9}% 101
\BOOKMARK [2][-]{subsection.9.5}{User Guide}{section.9}% 102
\BOOKMARK [1][-]{section.10}{Learning New Technologies}{}% 103
\BOOKMARK [2][-]{subsection.10.1}{Web Sites}{section.10}% 104
\BOOKMARK [3][-]{subsubsection.10.1.1}{Stack Overflow}{subsection.10.1}% 105
\BOOKMARK [3][-]{subsubsection.10.1.2}{Python Online Documentation}{subsection.10.1}% 106
\BOOKMARK [3][-]{subsubsection.10.1.3}{Qt 4.8 Documentation}{subsection.10.1}% 107
\BOOKMARK [3][-]{subsubsection.10.1.4}{opengl-tutorial.org}{subsection.10.1}% 108
\BOOKMARK [3][-]{subsubsection.10.1.5}{QIIME Documentation}{subsection.10.1}% 109
\BOOKMARK [1][-]{section.11}{Personal Learning}{}% 110
\BOOKMARK [2][-]{subsection.11.1}{Thomas Albertine}{section.11}% 111
\BOOKMARK [3][-]{subsubsection.11.1.1}{Technical Information}{subsection.11.1}% 112
\BOOKMARK [3][-]{subsubsection.11.1.2}{Non-Technical Information}{subsection.11.1}% 113
\BOOKMARK [3][-]{subsubsection.11.1.3}{Regarding Project Work}{subsection.11.1}% 114
\BOOKMARK [3][-]{subsubsection.11.1.4}{Regarding Project Management}{subsection.11.1}% 115
\BOOKMARK [3][-]{subsubsection.11.1.5}{Regarding Working in Teams}{subsection.11.1}% 116
\BOOKMARK [3][-]{subsubsection.11.1.6}{What I Would Do Differently, If I Did It Again}{subsection.11.1}% 117
\BOOKMARK [2][-]{subsection.11.2}{Michael Phelps}{section.11}% 118
\BOOKMARK [3][-]{subsubsection.11.2.1}{Technical Information}{subsection.11.2}% 119
\BOOKMARK [3][-]{subsubsection.11.2.2}{Non-Technical Information}{subsection.11.2}% 120
\BOOKMARK [3][-]{subsubsection.11.2.3}{Communication}{subsection.11.2}% 121
\BOOKMARK [1][-]{section*.2}{Appendix: Essential Code Listings}{}% 122
\BOOKMARK [2][-]{subsubsection.Appendix.A.0.1}{fvParser.py}{section*.2}% 123
\BOOKMARK [3][-]{subsubsection.Appendix.A.0.2}{otuParser.py}{subsubsection.Appendix.A.0.1}% 124
\BOOKMARK [3][-]{subsubsection.Appendix.A.0.3}{modelGeneratorTranslator.py}{subsubsection.Appendix.A.0.1}% 125
\BOOKMARK [3][-]{subsubsection.Appendix.A.0.4}{ModelGenerator.py}{subsubsection.Appendix.A.0.1}% 126
\BOOKMARK [3][-]{subsubsection.Appendix.A.0.5}{objModel.py}{subsubsection.Appendix.A.0.1}% 127
\BOOKMARK [1][-]{section*.3}{Appendix: Additional Content}{}% 128
